<?xml version="1.0" encoding="UTF-8"?>
<!-- Generated by org.testng.reporters.JUnitReportReporter -->
<testsuite name="com_flight_reservation.BatchExecution_Example" tests="1" time="0.004" ignored="0" failures="0" timestamp="14 Nov 2019 06:27:55 GMT" skipped="0" hostname="HIBACL131408" errors="0">
  <testcase name="BatchExecution" time="0.004" classname="com_flight_reservation.BatchExecution_Example"/>
</testsuite> <!-- com_flight_reservation.BatchExecution_Example -->
