<?xml version="1.0" encoding="UTF-8"?>
<!-- Generated by org.testng.reporters.JUnitReportReporter -->
<testsuite name="com_flight_reservation.Multiple_Browser_Execution" tests="2" time="19.894" ignored="0" failures="0" timestamp="14 Nov 2019 04:53:27 GMT" skipped="0" hostname="HIBACL131408" errors="0">
  <testcase name="Flight_Login" time="10.374" classname="com_flight_reservation.Multiple_Browser_Execution"/>
  <testcase name="Flight_Login" time="9.520" classname="com_flight_reservation.Multiple_Browser_Execution"/>
</testsuite> <!-- com_flight_reservation.Multiple_Browser_Execution -->
