<?xml version="1.0" encoding="UTF-8"?>
<!-- Generated by org.testng.reporters.JUnitReportReporter -->
<testsuite name="com_flight_reservation.Login_Read_Properties_File" tests="1" time="16.269" ignored="0" failures="0" timestamp="13 Nov 2019 16:58:12 GMT" skipped="0" hostname="HIBACL131408" errors="0">
  <testcase name="Flight_Login" time="16.269" classname="com_flight_reservation.Login_Read_Properties_File"/>
</testsuite> <!-- com_flight_reservation.Login_Read_Properties_File -->
