<?xml version="1.0" encoding="UTF-8"?>
<!-- Generated by org.testng.reporters.JUnitReportReporter -->
<testsuite name="com.flight.reservation.ReadDataFromExcel" tests="3" time="255.243" ignored="0" failures="0" timestamp="13 Nov 2019 13:01:54 GMT" skipped="0" hostname="HIBACL131408" errors="0">
  <testcase name="LoginApp" time="59.631" classname="com.flight.reservation.ReadDataFromExcel"/>
  <testcase name="LoginApp" time="34.733" classname="com.flight.reservation.ReadDataFromExcel"/>
  <testcase name="LoginApp" time="160.879" classname="com.flight.reservation.ReadDataFromExcel"/>
</testsuite> <!-- com.flight.reservation.ReadDataFromExcel -->
