<?xml version="1.0" encoding="UTF-8"?>
<!-- Generated by org.testng.reporters.JUnitReportReporter -->
<testsuite name="com_flight_reservation.Mouse_Hover_Yatra_Com" tests="1" time="7.849" ignored="0" failures="0" timestamp="14 Nov 2019 06:27:55 GMT" skipped="0" hostname="HIBACL131408" errors="0">
  <testcase name="MouseHoverFlipCart" time="7.849" classname="com_flight_reservation.Mouse_Hover_Yatra_Com"/>
</testsuite> <!-- com_flight_reservation.Mouse_Hover_Yatra_Com -->
